# JRE version: OpenJDK Runtime Environment Temurin-17.0.11+9 (17.0.11+9) (build 17.0.11+9)
# Java VM: OpenJDK 64-Bit Server VM Temurin-17.0.11+9 (17.0.11+9, mixed mode, tiered, compressed oops, compressed class ptrs, parallel gc, windows-amd64)
GC Precious Log:
 CPUs: 4 total, 4 available
 Memory: 8081M
 Large Page Support: Disabled
 NUMA Support: Disabled
 Compressed Oops: Enabled (32-bit)
 Alignments: Space 512K, Generation 512K, Heap 2M
 Heap Min Capacity: 100M
 Heap Initial Capacity: 100M
 Heap Max Capacity: 1G
 Pre-touch: Disabled
 Parallel Workers: 4
Heap:
 PSYoungGen      total 4096K, used 512K [0x00000000eab00000, 0x00000000eba00000, 0x0000000100000000)
  eden space 3584K, 0% used [0x00000000eab00000,0x00000000eab00000,0x00000000eae80000)
  from space 512K, 100% used [0x00000000eb400000,0x00000000eb480000,0x00000000eb480000)
  to   space 5632K, 0% used [0x00000000eae80000,0x00000000eae80000,0x00000000eb400000)
 ParOldGen       total 422400K, used 421964K [0x00000000c0000000, 0x00000000d9c80000, 0x00000000eab00000)
  object space 422400K, 99% used [0x00000000c0000000,0x00000000d9c13290,0x00000000d9c80000)
 Metaspace       used 104345K, committed 105728K, reserved 1179648K
  class space    used 9930K, committed 10560K, reserved 1048576K
GC Heap History (20 events):
Event: 19178.231 GC heap after
{Heap after GC invocations=18952 (full 345):
 PSYoungGen      total 6656K, used 1204K [0x00000000eab00000, 0x00000000eb600000, 0x0000000100000000)
  eden space 4096K, 0% used [0x00000000eab00000,0x00000000eab00000,0x00000000eaf00000)
  from space 2560K, 47% used [0x00000000eb180000,0x00000000eb2ad220,0x00000000eb400000)
  to   space 1536K, 0% used [0x00000000eb480000,0x00000000eb480000,0x00000000eb600000)
 ParOldGen       total 421888K, used 412400K [0x00000000c0000000, 0x00000000d9c00000, 0x00000000eab00000)
  object space 421888K, 97% used [0x00000000c0000000,0x00000000d92bc350,0x00000000d9c00000)
 Metaspace       used 104345K, committed 105728K, reserved 1179648K
  class space    used 9930K, committed 10560K, reserved 1048576K
}
Event: 19178.249 GC heap before
{Heap before GC invocations=18953 (full 345):
 PSYoungGen      total 6656K, used 5300K [0x00000000eab00000, 0x00000000eb600000, 0x0000000100000000)
  eden space 4096K, 100% used [0x00000000eab00000,0x00000000eaf00000,0x00000000eaf00000)
  from space 2560K, 47% used [0x00000000eb180000,0x00000000eb2ad220,0x00000000eb400000)
  to   space 1536K, 0% used [0x00000000eb480000,0x00000000eb480000,0x00000000eb600000)
 ParOldGen       total 421888K, used 412400K [0x00000000c0000000, 0x00000000d9c00000, 0x00000000eab00000)
  object space 421888K, 97% used [0x00000000c0000000,0x00000000d92bc350,0x00000000d9c00000)
 Metaspace       used 104345K, committed 105728K, reserved 1179648K
  class space    used 9930K, committed 10560K, reserved 1048576K
}
Event: 19178.253 GC heap after
{Heap after GC invocations=18953 (full 345):
 PSYoungGen      total 5632K, used 1188K [0x00000000eab00000, 0x00000000eb600000, 0x0000000100000000)
  eden space 4096K, 0% used [0x00000000eab00000,0x00000000eab00000,0x00000000eaf00000)
  from space 1536K, 77% used [0x00000000eb480000,0x00000000eb5a9210,0x00000000eb600000)
  to   space 1536K, 0% used [0x00000000eb300000,0x00000000eb300000,0x00000000eb480000)
 ParOldGen       total 421888K, used 412729K [0x00000000c0000000, 0x00000000d9c00000, 0x00000000eab00000)
  object space 421888K, 97% used [0x00000000c0000000,0x00000000d930e628,0x00000000d9c00000)
 Metaspace       used 104345K, committed 105728K, reserved 1179648K
  class space    used 9930K, committed 10560K, reserved 1048576K
}
Event: 19178.268 GC heap before
{Heap before GC invocations=18954 (full 345):
 PSYoungGen      total 5632K, used 5284K [0x00000000eab00000, 0x00000000eb600000, 0x0000000100000000)
  eden space 4096K, 100% used [0x00000000eab00000,0x00000000eaf00000,0x00000000eaf00000)
  from space 1536K, 77% used [0x00000000eb480000,0x00000000eb5a9210,0x00000000eb600000)
  to   space 1536K, 0% used [0x00000000eb300000,0x00000000eb300000,0x00000000eb480000)
 ParOldGen       total 421888K, used 412729K [0x00000000c0000000, 0x00000000d9c00000, 0x00000000eab00000)
  object space 421888K, 97% used [0x00000000c0000000,0x00000000d930e628,0x00000000d9c00000)
 Metaspace       used 104345K, committed 105728K, reserved 1179648K
  class space    used 9930K, committed 10560K, reserved 1048576K
}
Event: 19178.272 GC heap after
{Heap after GC invocations=18954 (full 345):
 PSYoungGen      total 5120K, used 836K [0x00000000eab00000, 0x00000000eb500000, 0x0000000100000000)
  eden space 4096K, 0% used [0x00000000eab00000,0x00000000eab00000,0x00000000eaf00000)
  from space 1024K, 81% used [0x00000000eb300000,0x00000000eb3d1210,0x00000000eb400000)
  to   space 1024K, 0% used [0x00000000eb400000,0x00000000eb400000,0x00000000eb500000)
 ParOldGen       total 421888K, used 412985K [0x00000000c0000000, 0x00000000d9c00000, 0x00000000eab00000)
  object space 421888K, 97% used [0x00000000c0000000,0x00000000d934e628,0x00000000d9c00000)
 Metaspace       used 104345K, committed 105728K, reserved 1179648K
  class space    used 9930K, committed 10560K, reserved 1048576K
}
Event: 19178.309 GC heap before
{Heap before GC invocations=18955 (full 345):
 PSYoungGen      total 5120K, used 4932K [0x00000000eab00000, 0x00000000eb500000, 0x0000000100000000)
  eden space 4096K, 100% used [0x00000000eab00000,0x00000000eaf00000,0x00000000eaf00000)
  from space 1024K, 81% used [0x00000000eb300000,0x00000000eb3d1210,0x00000000eb400000)
  to   space 1024K, 0% used [0x00000000eb400000,0x00000000eb400000,0x00000000eb500000)
 ParOldGen       total 421888K, used 412985K [0x00000000c0000000, 0x00000000d9c00000, 0x00000000eab00000)
  object space 421888K, 97% used [0x00000000c0000000,0x00000000d934e628,0x00000000d9c00000)
 Metaspace       used 104345K, committed 105728K, reserved 1179648K
  class space    used 9930K, committed 10560K, reserved 1048576K
}
Event: 19178.312 GC heap after
{Heap after GC invocations=18955 (full 345):
 PSYoungGen      total 5120K, used 874K [0x00000000eab00000, 0x00000000eb500000, 0x0000000100000000)
  eden space 4096K, 0% used [0x00000000eab00000,0x00000000eab00000,0x00000000eaf00000)
  from space 1024K, 85% used [0x00000000eb400000,0x00000000eb4da910,0x00000000eb500000)
  to   space 1024K, 0% used [0x00000000eb300000,0x00000000eb300000,0x00000000eb400000)
 ParOldGen       total 421888K, used 413734K [0x00000000c0000000, 0x00000000d9c00000, 0x00000000eab00000)
  object space 421888K, 98% used [0x00000000c0000000,0x00000000d9409b70,0x00000000d9c00000)
 Metaspace       used 104345K, committed 105728K, reserved 1179648K
  class space    used 9930K, committed 10560K, reserved 1048576K
}
Event: 19178.406 GC heap before
{Heap before GC invocations=18956 (full 345):
 PSYoungGen      total 5120K, used 4970K [0x00000000eab00000, 0x00000000eb500000, 0x0000000100000000)
  eden space 4096K, 100% used [0x00000000eab00000,0x00000000eaf00000,0x00000000eaf00000)
  from space 1024K, 85% used [0x00000000eb400000,0x00000000eb4da910,0x00000000eb500000)
  to   space 1024K, 0% used [0x00000000eb300000,0x00000000eb300000,0x00000000eb400000)
 ParOldGen       total 421888K, used 413734K [0x00000000c0000000, 0x00000000d9c00000, 0x00000000eab00000)
  object space 421888K, 98% used [0x00000000c0000000,0x00000000d9409b70,0x00000000d9c00000)
 Metaspace       used 104345K, committed 105728K, reserved 1179648K
  class space    used 9930K, committed 10560K, reserved 1048576K
}
Event: 19178.411 GC heap after
{Heap after GC invocations=18956 (full 345):
 PSYoungGen      total 5120K, used 1018K [0x00000000eab00000, 0x00000000eb480000, 0x0000000100000000)
  eden space 4096K, 0% used [0x00000000eab00000,0x00000000eab00000,0x00000000eaf00000)
  from space 1024K, 99% used [0x00000000eb300000,0x00000000eb3fe900,0x00000000eb400000)
  to   space 512K, 0% used [0x00000000eb400000,0x00000000eb400000,0x00000000eb480000)
 ParOldGen       total 421888K, used 414600K [0x00000000c0000000, 0x00000000d9c00000, 0x00000000eab00000)
  object space 421888K, 98% used [0x00000000c0000000,0x00000000d94e20a8,0x00000000d9c00000)
 Metaspace       used 104345K, committed 105728K, reserved 1179648K
  class space    used 9930K, committed 10560K, reserved 1048576K
}
Event: 19178.744 GC heap before
{Heap before GC invocations=18957 (full 345):
 PSYoungGen      total 5120K, used 3769K [0x00000000eab00000, 0x00000000eb480000, 0x0000000100000000)
  eden space 4096K, 67% used [0x00000000eab00000,0x00000000eadafe10,0x00000000eaf00000)
  from space 1024K, 99% used [0x00000000eb300000,0x00000000eb3fe900,0x00000000eb400000)
  to   space 512K, 0% used [0x00000000eb400000,0x00000000eb400000,0x00000000eb480000)
 ParOldGen       total 421888K, used 414600K [0x00000000c0000000, 0x00000000d9c00000, 0x00000000eab00000)
  object space 421888K, 98% used [0x00000000c0000000,0x00000000d94e20a8,0x00000000d9c00000)
 Metaspace       used 104345K, committed 105728K, reserved 1179648K
  class space    used 9930K, committed 10560K, reserved 1048576K
}
Event: 19178.748 GC heap after
{Heap after GC invocations=18957 (full 345):
 PSYoungGen      total 4608K, used 416K [0x00000000eab00000, 0x00000000eb480000, 0x0000000100000000)
  eden space 4096K, 0% used [0x00000000eab00000,0x00000000eab00000,0x00000000eaf00000)
  from space 512K, 81% used [0x00000000eb400000,0x00000000eb468000,0x00000000eb480000)
  to   space 1024K, 0% used [0x00000000eb280000,0x00000000eb280000,0x00000000eb380000)
 ParOldGen       total 421888K, used 415612K [0x00000000c0000000, 0x00000000d9c00000, 0x00000000eab00000)
  object space 421888K, 98% used [0x00000000c0000000,0x00000000d95df1f0,0x00000000d9c00000)
 Metaspace       used 104345K, committed 105728K, reserved 1179648K
  class space    used 9930K, committed 10560K, reserved 1048576K
}
Event: 19178.760 GC heap before
{Heap before GC invocations=18958 (full 345):
 PSYoungGen      total 4608K, used 4472K [0x00000000eab00000, 0x00000000eb480000, 0x0000000100000000)
  eden space 4096K, 99% used [0x00000000eab00000,0x00000000eaef62e8,0x00000000eaf00000)
  from space 512K, 81% used [0x00000000eb400000,0x00000000eb468000,0x00000000eb480000)
  to   space 1024K, 0% used [0x00000000eb280000,0x00000000eb280000,0x00000000eb380000)
 ParOldGen       total 421888K, used 415612K [0x00000000c0000000, 0x00000000d9c00000, 0x00000000eab00000)
  object space 421888K, 98% used [0x00000000c0000000,0x00000000d95df1f0,0x00000000d9c00000)
 Metaspace       used 104345K, committed 105728K, reserved 1179648K
  class space    used 9930K, committed 10560K, reserved 1048576K
}
Event: 19178.762 GC heap after
{Heap after GC invocations=18958 (full 345):
 PSYoungGen      total 5120K, used 341K [0x00000000eab00000, 0x00000000eb480000, 0x0000000100000000)
  eden space 4096K, 0% used [0x00000000eab00000,0x00000000eab00000,0x00000000eaf00000)
  from space 1024K, 33% used [0x00000000eb280000,0x00000000eb2d5608,0x00000000eb380000)
  to   space 512K, 0% used [0x00000000eb400000,0x00000000eb400000,0x00000000eb480000)
 ParOldGen       total 421888K, used 417435K [0x00000000c0000000, 0x00000000d9c00000, 0x00000000eab00000)
  object space 421888K, 98% used [0x00000000c0000000,0x00000000d97a6e40,0x00000000d9c00000)
 Metaspace       used 104345K, committed 105728K, reserved 1179648K
  class space    used 9930K, committed 10560K, reserved 1048576K
}
Event: 19178.774 GC heap before
{Heap before GC invocations=18959 (full 345):
 PSYoungGen      total 5120K, used 3550K [0x00000000eab00000, 0x00000000eb480000, 0x0000000100000000)
  eden space 4096K, 78% used [0x00000000eab00000,0x00000000eae22300,0x00000000eaf00000)
  from space 1024K, 33% used [0x00000000eb280000,0x00000000eb2d5608,0x00000000eb380000)
  to   space 512K, 0% used [0x00000000eb400000,0x00000000eb400000,0x00000000eb480000)
 ParOldGen       total 421888K, used 417435K [0x00000000c0000000, 0x00000000d9c00000, 0x00000000eab00000)
  object space 421888K, 98% used [0x00000000c0000000,0x00000000d97a6e40,0x00000000d9c00000)
 Metaspace       used 104345K, committed 105728K, reserved 1179648K
  class space    used 9930K, committed 10560K, reserved 1048576K
}
Event: 19178.776 GC heap after
{Heap after GC invocations=18959 (full 345):
 PSYoungGen      total 4608K, used 96K [0x00000000eab00000, 0x00000000eb480000, 0x0000000100000000)
  eden space 4096K, 0% used [0x00000000eab00000,0x00000000eab00000,0x00000000eaf00000)
  from space 512K, 18% used [0x00000000eb400000,0x00000000eb418000,0x00000000eb480000)
  to   space 512K, 0% used [0x00000000eb380000,0x00000000eb380000,0x00000000eb400000)
 ParOldGen       total 421888K, used 417443K [0x00000000c0000000, 0x00000000d9c00000, 0x00000000eab00000)
  object space 421888K, 98% used [0x00000000c0000000,0x00000000d97a8e40,0x00000000d9c00000)
 Metaspace       used 104345K, committed 105728K, reserved 1179648K
  class space    used 9930K, committed 10560K, reserved 1048576K
}
Event: 19178.978 GC heap before
{Heap before GC invocations=18960 (full 345):
 PSYoungGen      total 4608K, used 4192K [0x00000000eab00000, 0x00000000eb480000, 0x0000000100000000)
  eden space 4096K, 100% used [0x00000000eab00000,0x00000000eaf00000,0x00000000eaf00000)
  from space 512K, 18% used [0x00000000eb400000,0x00000000eb418000,0x00000000eb480000)
  to   space 512K, 0% used [0x00000000eb380000,0x00000000eb380000,0x00000000eb400000)
 ParOldGen       total 421888K, used 417443K [0x00000000c0000000, 0x00000000d9c00000, 0x00000000eab00000)
  object space 421888K, 98% used [0x00000000c0000000,0x00000000d97a8e40,0x00000000d9c00000)
 Metaspace       used 104345K, committed 105728K, reserved 1179648K
  class space    used 9930K, committed 10560K, reserved 1048576K
}
Event: 19178.982 GC heap after
{Heap after GC invocations=18960 (full 345):
 PSYoungGen      total 4608K, used 504K [0x00000000eab00000, 0x00000000eb480000, 0x0000000100000000)
  eden space 4096K, 0% used [0x00000000eab00000,0x00000000eab00000,0x00000000eaf00000)
  from space 512K, 98% used [0x00000000eb380000,0x00000000eb3fe238,0x00000000eb400000)
  to   space 512K, 0% used [0x00000000eb400000,0x00000000eb400000,0x00000000eb480000)
 ParOldGen       total 421888K, used 417857K [0x00000000c0000000, 0x00000000d9c00000, 0x00000000eab00000)
  object space 421888K, 99% used [0x00000000c0000000,0x00000000d9810758,0x00000000d9c00000)
 Metaspace       used 104345K, committed 105728K, reserved 1179648K
  class space    used 9930K, committed 10560K, reserved 1048576K
}
Event: 19179.003 GC heap before
{Heap before GC invocations=18961 (full 345):
 PSYoungGen      total 4608K, used 4600K [0x00000000eab00000, 0x00000000eb480000, 0x0000000100000000)
  eden space 4096K, 100% used [0x00000000eab00000,0x00000000eaf00000,0x00000000eaf00000)
  from space 512K, 98% used [0x00000000eb380000,0x00000000eb3fe238,0x00000000eb400000)
  to   space 512K, 0% used [0x00000000eb400000,0x00000000eb400000,0x00000000eb480000)
 ParOldGen       total 421888K, used 417857K [0x00000000c0000000, 0x00000000d9c00000, 0x00000000eab00000)
  object space 421888K, 99% used [0x00000000c0000000,0x00000000d9810758,0x00000000d9c00000)
 Metaspace       used 104345K, committed 105728K, reserved 1179648K
  class space    used 9930K, committed 10560K, reserved 1048576K
}
Event: 19179.011 GC heap after
{Heap after GC invocations=18961 (full 345):
 PSYoungGen      total 4096K, used 512K [0x00000000eab00000, 0x00000000eba00000, 0x0000000100000000)
  eden space 3584K, 0% used [0x00000000eab00000,0x00000000eab00000,0x00000000eae80000)
  from space 512K, 100% used [0x00000000eb400000,0x00000000eb480000,0x00000000eb480000)
  to   space 5632K, 0% used [0x00000000eae80000,0x00000000eae80000,0x00000000eb400000)
 ParOldGen       total 422400K, used 421964K [0x00000000c0000000, 0x00000000d9c80000, 0x00000000eab00000)
  object space 422400K, 99% used [0x00000000c0000000,0x00000000d9c13290,0x00000000d9c80000)
 Metaspace       used 104345K, committed 105728K, reserved 1179648K
  class space    used 9930K, committed 10560K, reserved 1048576K
}
Event: 19179.011 GC heap before
{Heap before GC invocations=18962 (full 346):
 PSYoungGen      total 4096K, used 512K [0x00000000eab00000, 0x00000000eba00000, 0x0000000100000000)
  eden space 3584K, 0% used [0x00000000eab00000,0x00000000eab00000,0x00000000eae80000)
  from space 512K, 100% used [0x00000000eb400000,0x00000000eb480000,0x00000000eb480000)
  to   space 5632K, 0% used [0x00000000eae80000,0x00000000eae80000,0x00000000eb400000)
 ParOldGen       total 422400K, used 421964K [0x00000000c0000000, 0x00000000d9c80000, 0x00000000eab00000)
  object space 422400K, 99% used [0x00000000c0000000,0x00000000d9c13290,0x00000000d9c80000)
 Metaspace       used 104345K, committed 105728K, reserved 1179648K
  class space    used 9930K, committed 10560K, reserved 1048576K
}

